#
# There is insufficient memory for the Java Runtime Environment to continue.
# Native memory allocation (malloc) failed to allocate 2163056 bytes for Chunk::new
# Possible reasons:
#   The system is out of physical RAM or swap space
#   The process is running with CompressedOops enabled, and the Java Heap may be blocking the growth of the native heap
# Possible solutions:
#   Reduce memory load on the system
#   Increase physical memory or swap space
#   Check if swap backing store is full
#   Decrease Java heap size (-Xmx/-Xms)
#   Decrease number of Java threads
#   Decrease Java thread stack sizes (-Xss)
#   Set larger code cache with -XX:ReservedCodeCacheSize=
#   JVM is running with Unscaled Compressed Oops mode in which the Java heap is
#     placed in the first 4GB address space. The Java Heap base address is the
#     maximum limit for the native heap growth. Please use -XX:HeapBaseMinAddress
#     to set the Java Heap base and to place the Java Heap above 4GB virtual address.
# This output file may be truncated or incomplete.
#
#  Out of Memory Error (t:/workspace/open/src/hotspot/share/memory/arena.cpp:195), pid=420, tid=27608
#
# JRE version: Java(TM) SE Runtime Environment (14.0+36) (build 14+36-1461)
# Java VM: Java HotSpot(TM) 64-Bit Server VM (14+36-1461, mixed mode, sharing, tiered, compressed oops, g1 gc, windows-amd64)
# No core dump will be written. Minidumps are not enabled by default on client versions of Windows
#

---------------  S U M M A R Y ------------

Command Line: -Dfile.encoding=UTF-8 GUI.importing

Host: 11th Gen Intel(R) Core(TM) i3-1115G4 @ 3.00GHz, 4 cores, 3G,  Windows 10 , 64 bit Build 19041 (10.0.19041.1889)
Time: Sun Sep 18 10:44:30 2022 Sri Lanka Standard Time elapsed time: 41556 seconds (0d 11h 32m 36s)

---------------  T H R E A D  ---------------

Current thread (0x000002ae17826800):  JavaThread "C2 CompilerThread0" daemon [_thread_in_native, id=27608, stack(0x000000dc2ff00000,0x000000dc30000000)]


Current CompileTask:
C2:41556863 7435       4       javax.swing.plaf.nimbus.AbstractRegionPainter::paint (126 bytes)

Stack: [0x000000dc2ff00000,0x000000dc30000000]
Native frames: (J=compiled Java code, j=interpreted, Vv=VM code, C=native code)
V  [jvm.dll+0x5f83ea]
V  [jvm.dll+0x741e2a]
V  [jvm.dll+0x7435df]
V  [jvm.dll+0x743c23]
V  [jvm.dll+0x20d268]
V  [jvm.dll+0xabb07]
V  [jvm.dll+0xac1fc]
V  [jvm.dll+0x31c448]
V  [jvm.dll+0x2e6b28]
V  [jvm.dll+0x2e5f2a]
V  [jvm.dll+0x1e5df6]
V  [jvm.dll+0x1e5098]
V  [jvm.dll+0x1779cc]
V  [jvm.dll+0x1f40e5]
V  [jvm.dll+0x1f22cb]
V  [jvm.dll+0x706a7d]
V  [jvm.dll+0x6ff89a]
V  [jvm.dll+0x5f72a6]
C  [ucrtbase.dll+0x21bb2]
C  [KERNEL32.DLL+0x17034]
C  [ntdll.dll+0x526a1]


---------------  P R O C E S S  ---------------

Threads class SMR info:
_java_thread_list=0x000002ae180637d0, length=17, elements={
0x000002ae17804800, 0x000002ae17806000, 0x000002ae1781f000, 0x000002ae17821000,
0x000002ae17823000, 0x000002ae17826800, 0x000002ae1782a800, 0x000002ae17839000,
0x000002ae17977000, 0x000002ae17988800, 0x000002ae17e29000, 0x000002ae17e7a800,
0x000002ae17e7b000, 0x000002ae17efd800, 0x000002ae7aecb000, 0x000002ae1a678000,
0x000002ae1a679800
}

Java Threads: ( => current thread )
  0x000002ae17804800 JavaThread "Reference Handler" daemon [_thread_blocked, id=23956, stack(0x000000dc2fa00000,0x000000dc2fb00000)]
  0x000002ae17806000 JavaThread "Finalizer" daemon [_thread_blocked, id=7888, stack(0x000000dc2fb00000,0x000000dc2fc00000)]
  0x000002ae1781f000 JavaThread "Signal Dispatcher" daemon [_thread_blocked, id=26536, stack(0x000000dc2fc00000,0x000000dc2fd00000)]
  0x000002ae17821000 JavaThread "Attach Listener" daemon [_thread_blocked, id=15252, stack(0x000000dc2fd00000,0x000000dc2fe00000)]
  0x000002ae17823000 JavaThread "Service Thread" daemon [_thread_blocked, id=19804, stack(0x000000dc2fe00000,0x000000dc2ff00000)]
=>0x000002ae17826800 JavaThread "C2 CompilerThread0" daemon [_thread_in_native, id=27608, stack(0x000000dc2ff00000,0x000000dc30000000)]
  0x000002ae1782a800 JavaThread "C1 CompilerThread0" daemon [_thread_blocked, id=31716, stack(0x000000dc30000000,0x000000dc30100000)]
  0x000002ae17839000 JavaThread "Sweeper thread" daemon [_thread_blocked, id=23132, stack(0x000000dc30100000,0x000000dc30200000)]
  0x000002ae17977000 JavaThread "Notification Thread" daemon [_thread_blocked, id=28848, stack(0x000000dc30200000,0x000000dc30300000)]
  0x000002ae17988800 JavaThread "Common-Cleaner" daemon [_thread_blocked, id=29096, stack(0x000000dc30400000,0x000000dc30500000)]
  0x000002ae17e29000 JavaThread "Java2D Disposer" daemon [_thread_blocked, id=15772, stack(0x000000dc30500000,0x000000dc30600000)]
  0x000002ae17e7a800 JavaThread "AWT-Shutdown" [_thread_blocked, id=26980, stack(0x000000dc30600000,0x000000dc30700000)]
  0x000002ae17e7b000 JavaThread "AWT-Windows" daemon [_thread_in_native, id=22984, stack(0x000000dc30700000,0x000000dc30800000)]
  0x000002ae17efd800 JavaThread "AWT-EventQueue-0" [_thread_blocked, id=27200, stack(0x000000dc30800000,0x000000dc30900000)]
  0x000002ae7aecb000 JavaThread "DestroyJavaVM" [_thread_blocked, id=15176, stack(0x000000dc2f300000,0x000000dc2f400000)]
  0x000002ae1a678000 JavaThread "mysql-cj-abandoned-connection-cleanup" daemon [_thread_blocked, id=27064, stack(0x000000dc31100000,0x000000dc31200000)]
  0x000002ae1a679800 JavaThread "TimerQueue" daemon [_thread_blocked, id=24144, stack(0x000000dc31200000,0x000000dc31300000)]

Other Threads:
  0x000002ae17801000 VMThread "VM Thread" [stack: 0x000000dc2f900000,0x000000dc2fa00000] [id=10580]
  0x000002ae1797f800 WatcherThread [stack: 0x000000dc30300000,0x000000dc30400000] [id=4940]
  0x000002ae7aefa000 GCTaskThread "GC Thread#0" [stack: 0x000000dc2f400000,0x000000dc2f500000] [id=20388]
  0x000002ae1816e000 GCTaskThread "GC Thread#1" [stack: 0x000000dc30a00000,0x000000dc30b00000] [id=24312]
  0x000002ae1816e800 GCTaskThread "GC Thread#2" [stack: 0x000000dc30b00000,0x000000dc30c00000] [id=10584]
  0x000002ae1816f800 GCTaskThread "GC Thread#3" [stack: 0x000000dc30c00000,0x000000dc30d00000] [id=27000]
  0x000002ae7af05800 ConcurrentGCThread "G1 Main Marker" [stack: 0x000000dc2f500000,0x000000dc2f600000] [id=20296]
  0x000002ae7af06800 ConcurrentGCThread "G1 Conc#0" [stack: 0x000000dc2f600000,0x000000dc2f700000] [id=10244]
  0x000002ae7af5b800 ConcurrentGCThread "G1 Refine#0" [stack: 0x000000dc2f700000,0x000000dc2f800000] [id=26612]
  0x000002ae17be3000 ConcurrentGCThread "G1 Refine#1" [stack: 0x000000dc30d00000,0x000000dc30e00000] [id=25908]
  0x000002ae7af5d800 ConcurrentGCThread "G1 Young RemSet Sampling" [stack: 0x000000dc2f800000,0x000000dc2f900000] [id=28704]

Threads with active compile tasks:
C2 CompilerThread0  41556932 7435       4       javax.swing.plaf.nimbus.AbstractRegionPainter::paint (126 bytes)

VM state:not at safepoint (normal execution)

VM Mutex/Monitor currently owned by a thread: None

Heap address: 0x00000000c4200000, size: 958 MB, Compressed Oops mode: 32-bit
Narrow klass base: 0x0000000800000000, Narrow klass shift: 3
Compressed class space size: 1073741824 Address: 0x0000000800b30000

Heap:
 garbage-first heap   total 87040K, used 41336K [0x00000000c4200000, 0x0000000100000000)
  region size 1024K, 12 young (12288K), 1 survivors (1024K)
 Metaspace       used 25808K, capacity 26231K, committed 26496K, reserved 1073152K
  class space    used 2719K, capacity 2900K, committed 2944K, reserved 1048576K
Heap Regions: E=young(eden), S=young(survivor), O=old, HS=humongous(starts), HC=humongous(continues), CS=collection set, F=free, OA=open archive, CA=closed archive, TAMS=top-at-mark-start (previous, next)
|   0|0x00000000c4200000, 0x00000000c4300000, 0x00000000c4300000|100%| O|  |TAMS 0x00000000c4300000, 0x00000000c4200000| Untracked 
|   1|0x00000000c4300000, 0x00000000c4400000, 0x00000000c4400000|100%| O|  |TAMS 0x00000000c4400000, 0x00000000c4300000| Untracked 
|   2|0x00000000c4400000, 0x00000000c4500000, 0x00000000c4500000|100%| O|  |TAMS 0x00000000c4500000, 0x00000000c4400000| Untracked 
|   3|0x00000000c4500000, 0x00000000c4600000, 0x00000000c4600000|100%| O|  |TAMS 0x00000000c4600000, 0x00000000c4500000| Untracked 
|   4|0x00000000c4600000, 0x00000000c4700000, 0x00000000c4700000|100%| O|  |TAMS 0x00000000c4700000, 0x00000000c4600000| Untracked 
|   5|0x00000000c4700000, 0x00000000c4700000, 0x00000000c4800000|  0%| F|  |TAMS 0x00000000c4700000, 0x00000000c4700000| Untracked 
|   6|0x00000000c4800000, 0x00000000c4900000, 0x00000000c4900000|100%| O|  |TAMS 0x00000000c4900000, 0x00000000c4800000| Untracked 
|   7|0x00000000c4900000, 0x00000000c4a00000, 0x00000000c4a00000|100%|HS|  |TAMS 0x00000000c4a00000, 0x00000000c4900000| Complete 
|   8|0x00000000c4a00000, 0x00000000c4b00000, 0x00000000c4b00000|100%|HC|  |TAMS 0x00000000c4b00000, 0x00000000c4a00000| Complete 
|   9|0x00000000c4b00000, 0x00000000c4c00000, 0x00000000c4c00000|100%|HC|  |TAMS 0x00000000c4c00000, 0x00000000c4b00000| Complete 
|  10|0x00000000c4c00000, 0x00000000c4d00000, 0x00000000c4d00000|100%|HC|  |TAMS 0x00000000c4d00000, 0x00000000c4c00000| Complete 
|  11|0x00000000c4d00000, 0x00000000c4e00000, 0x00000000c4e00000|100%|HC|  |TAMS 0x00000000c4e00000, 0x00000000c4d00000| Complete 
|  12|0x00000000c4e00000, 0x00000000c4f00000, 0x00000000c4f00000|100%|HC|  |TAMS 0x00000000c4f00000, 0x00000000c4e00000| Complete 
|  13|0x00000000c4f00000, 0x00000000c5000000, 0x00000000c5000000|100%|HC|  |TAMS 0x00000000c5000000, 0x00000000c4f00000| Complete 
|  14|0x00000000c5000000, 0x00000000c5100000, 0x00000000c5100000|100%|HC|  |TAMS 0x00000000c5100000, 0x00000000c5000000| Complete 
|  15|0x00000000c5100000, 0x00000000c5200000, 0x00000000c5200000|100%|HC|  |TAMS 0x00000000c5200000, 0x00000000c5100000| Complete 
|  16|0x00000000c5200000, 0x00000000c5200000, 0x00000000c5300000|  0%| F|  |TAMS 0x00000000c5200000, 0x00000000c5200000| Untracked 
|  17|0x00000000c5300000, 0x00000000c5400000, 0x00000000c5400000|100%| O|  |TAMS 0x00000000c5400000, 0x00000000c5300000| Untracked 
|  18|0x00000000c5400000, 0x00000000c5500000, 0x00000000c5500000|100%| O|  |TAMS 0x00000000c5500000, 0x00000000c5400000| Untracked 
|  19|0x00000000c5500000, 0x00000000c5600000, 0x00000000c5600000|100%| O|  |TAMS 0x00000000c5600000, 0x00000000c5500000| Untracked 
|  20|0x00000000c5600000, 0x00000000c5600000, 0x00000000c5700000|  0%| F|  |TAMS 0x00000000c5600000, 0x00000000c5600000| Untracked 
|  21|0x00000000c5700000, 0x00000000c5700000, 0x00000000c5800000|  0%| F|  |TAMS 0x00000000c5700000, 0x00000000c5700000| Untracked 
|  22|0x00000000c5800000, 0x00000000c5800000, 0x00000000c5900000|  0%| F|  |TAMS 0x00000000c5800000, 0x00000000c5800000| Untracked 
|  23|0x00000000c5900000, 0x00000000c5900000, 0x00000000c5a00000|  0%| F|  |TAMS 0x00000000c5900000, 0x00000000c5900000| Untracked 
|  24|0x00000000c5a00000, 0x00000000c5b00000, 0x00000000c5b00000|100%| O|  |TAMS 0x00000000c5b00000, 0x00000000c5a00000| Untracked 
|  25|0x00000000c5b00000, 0x00000000c5b00000, 0x00000000c5c00000|  0%| F|  |TAMS 0x00000000c5b00000, 0x00000000c5b00000| Untracked 
|  26|0x00000000c5c00000, 0x00000000c5d00000, 0x00000000c5d00000|100%| O|  |TAMS 0x00000000c5d00000, 0x00000000c5c00000| Untracked 
|  27|0x00000000c5d00000, 0x00000000c5e00000, 0x00000000c5e00000|100%| O|  |TAMS 0x00000000c5e00000, 0x00000000c5d00000| Untracked 
|  28|0x00000000c5e00000, 0x00000000c5f00000, 0x00000000c5f00000|100%| O|  |TAMS 0x00000000c5f00000, 0x00000000c5e00000| Untracked 
|  29|0x00000000c5f00000, 0x00000000c5f41400, 0x00000000c6000000| 25%| O|  |TAMS 0x00000000c5f41400, 0x00000000c5f00000| Untracked 
|  30|0x00000000c6000000, 0x00000000c6000000, 0x00000000c6100000|  0%| F|  |TAMS 0x00000000c6000000, 0x00000000c6000000| Untracked 
|  31|0x00000000c6100000, 0x00000000c6200000, 0x00000000c6200000|100%| O|  |TAMS 0x00000000c6200000, 0x00000000c6100000| Untracked 
|  32|0x00000000c6200000, 0x00000000c6200000, 0x00000000c6300000|  0%| F|  |TAMS 0x00000000c6200000, 0x00000000c6200000| Untracked 
|  33|0x00000000c6300000, 0x00000000c6300000, 0x00000000c6400000|  0%| F|  |TAMS 0x00000000c6300000, 0x00000000c6300000| Untracked 
|  34|0x00000000c6400000, 0x00000000c6400000, 0x00000000c6500000|  0%| F|  |TAMS 0x00000000c6400000, 0x00000000c6400000| Untracked 
|  35|0x00000000c6500000, 0x00000000c6500000, 0x00000000c6600000|  0%| F|  |TAMS 0x00000000c6500000, 0x00000000c6500000| Untracked 
|  36|0x00000000c6600000, 0x00000000c6600000, 0x00000000c6700000|  0%| F|  |TAMS 0x00000000c6600000, 0x00000000c6600000| Untracked 
|  37|0x00000000c6700000, 0x00000000c6800000, 0x00000000c6800000|100%| O|  |TAMS 0x00000000c6800000, 0x00000000c6700000| Untracked 
|  38|0x00000000c6800000, 0x00000000c6900000, 0x00000000c6900000|100%|HS|  |TAMS 0x00000000c6800000, 0x00000000c6800000| Complete 
|  39|0x00000000c6900000, 0x00000000c6a00000, 0x00000000c6a00000|100%|HC|  |TAMS 0x00000000c6900000, 0x00000000c6900000| Complete 
|  40|0x00000000c6a00000, 0x00000000c6b00000, 0x00000000c6b00000|100%|HC|  |TAMS 0x00000000c6a00000, 0x00000000c6a00000| Complete 
|  41|0x00000000c6b00000, 0x00000000c6c00000, 0x00000000c6c00000|100%|HC|  |TAMS 0x00000000c6b00000, 0x00000000c6b00000| Complete 
|  42|0x00000000c6c00000, 0x00000000c6d00000, 0x00000000c6d00000|100%|HC|  |TAMS 0x00000000c6c00000, 0x00000000c6c00000| Complete 
|  43|0x00000000c6d00000, 0x00000000c6e00000, 0x00000000c6e00000|100%|HC|  |TAMS 0x00000000c6d00000, 0x00000000c6d00000| Complete 
|  44|0x00000000c6e00000, 0x00000000c6e00000, 0x00000000c6f00000|  0%| F|  |TAMS 0x00000000c6e00000, 0x00000000c6e00000| Untracked 
|  45|0x00000000c6f00000, 0x00000000c6f00000, 0x00000000c7000000|  0%| F|  |TAMS 0x00000000c6f00000, 0x00000000c6f00000| Untracked 
|  46|0x00000000c7000000, 0x00000000c7000000, 0x00000000c7100000|  0%| F|  |TAMS 0x00000000c7000000, 0x00000000c7000000| Untracked 
|  47|0x00000000c7100000, 0x00000000c7100000, 0x00000000c7200000|  0%| F|  |TAMS 0x00000000c7100000, 0x00000000c7100000| Untracked 
|  48|0x00000000c7200000, 0x00000000c7200000, 0x00000000c7300000|  0%| F|  |TAMS 0x00000000c7200000, 0x00000000c7200000| Untracked 
|  49|0x00000000c7300000, 0x00000000c7300000, 0x00000000c7400000|  0%| F|  |TAMS 0x00000000c7300000, 0x00000000c7300000| Untracked 
|  50|0x00000000c7400000, 0x00000000c7400000, 0x00000000c7500000|  0%| F|  |TAMS 0x00000000c7400000, 0x00000000c7400000| Untracked 
|  51|0x00000000c7500000, 0x00000000c7500000, 0x00000000c7600000|  0%| F|  |TAMS 0x00000000c7500000, 0x00000000c7500000| Untracked 
|  52|0x00000000c7600000, 0x00000000c7600000, 0x00000000c7700000|  0%| F|  |TAMS 0x00000000c7600000, 0x00000000c7600000| Untracked 
|  53|0x00000000c7700000, 0x00000000c7700000, 0x00000000c7800000|  0%| F|  |TAMS 0x00000000c7700000, 0x00000000c7700000| Untracked 
|  54|0x00000000c7800000, 0x00000000c7800000, 0x00000000c7900000|  0%| F|  |TAMS 0x00000000c7800000, 0x00000000c7800000| Untracked 
|  55|0x00000000c7900000, 0x00000000c7900000, 0x00000000c7a00000|  0%| F|  |TAMS 0x00000000c7900000, 0x00000000c7900000| Untracked 
|  56|0x00000000c7a00000, 0x00000000c7a00000, 0x00000000c7b00000|  0%| F|  |TAMS 0x00000000c7a00000, 0x00000000c7a00000| Untracked 
|  57|0x00000000c7b00000, 0x00000000c7b00000, 0x00000000c7c00000|  0%| F|  |TAMS 0x00000000c7b00000, 0x00000000c7b00000| Untracked 
|  58|0x00000000c7c00000, 0x00000000c7c00000, 0x00000000c7d00000|  0%| F|  |TAMS 0x00000000c7c00000, 0x00000000c7c00000| Untracked 
|  59|0x00000000c7d00000, 0x00000000c7d00000, 0x00000000c7e00000|  0%| F|  |TAMS 0x00000000c7d00000, 0x00000000c7d00000| Untracked 
|  60|0x00000000c7e00000, 0x00000000c7e00000, 0x00000000c7f00000|  0%| F|  |TAMS 0x00000000c7e00000, 0x00000000c7e00000| Untracked 
|  61|0x00000000c7f00000, 0x00000000c7f00000, 0x00000000c8000000|  0%| F|  |TAMS 0x00000000c7f00000, 0x00000000c7f00000| Untracked 
|  62|0x00000000c8000000, 0x00000000c8000000, 0x00000000c8100000|  0%| F|  |TAMS 0x00000000c8000000, 0x00000000c8000000| Untracked 
|  63|0x00000000c8100000, 0x00000000c8100000, 0x00000000c8200000|  0%| F|  |TAMS 0x00000000c8100000, 0x00000000c8100000| Untracked 
|  64|0x00000000c8200000, 0x00000000c8200000, 0x00000000c8300000|  0%| F|  |TAMS 0x00000000c8200000, 0x00000000c8200000| Untracked 
|  65|0x00000000c8300000, 0x00000000c8300000, 0x00000000c8400000|  0%| F|  |TAMS 0x00000000c8300000, 0x00000000c8300000| Untracked 
|  66|0x00000000c8400000, 0x00000000c8400000, 0x00000000c8500000|  0%| F|  |TAMS 0x00000000c8400000, 0x00000000c8400000| Untracked 
|  67|0x00000000c8500000, 0x00000000c8500000, 0x00000000c8600000|  0%| F|  |TAMS 0x00000000c8500000, 0x00000000c8500000| Untracked 
|  68|0x00000000c8600000, 0x00000000c8600000, 0x00000000c8700000|  0%| F|  |TAMS 0x00000000c8600000, 0x00000000c8600000| Untracked 
|  69|0x00000000c8700000, 0x00000000c8700000, 0x00000000c8800000|  0%| F|  |TAMS 0x00000000c8700000, 0x00000000c8700000| Untracked 
|  70|0x00000000c8800000, 0x00000000c8800000, 0x00000000c8900000|  0%| F|  |TAMS 0x00000000c8800000, 0x00000000c8800000| Untracked 
|  71|0x00000000c8900000, 0x00000000c8900000, 0x00000000c8a00000|  0%| F|  |TAMS 0x00000000c8900000, 0x00000000c8900000| Untracked 
|  72|0x00000000c8a00000, 0x00000000c8a1ce40, 0x00000000c8b00000| 11%| S|CS|TAMS 0x00000000c8a00000, 0x00000000c8a00000| Complete 
|  73|0x00000000c8b00000, 0x00000000c8b00000, 0x00000000c8c00000|  0%| F|  |TAMS 0x00000000c8b00000, 0x00000000c8b00000| Untracked 
|  74|0x00000000c8c00000, 0x00000000c8c827e8, 0x00000000c8d00000| 50%| E|  |TAMS 0x00000000c8c00000, 0x00000000c8c00000| Complete 
|  75|0x00000000c8d00000, 0x00000000c8e00000, 0x00000000c8e00000|100%| E|CS|TAMS 0x00000000c8d00000, 0x00000000c8d00000| Complete 
|  76|0x00000000c8e00000, 0x00000000c8f00000, 0x00000000c8f00000|100%| E|CS|TAMS 0x00000000c8e00000, 0x00000000c8e00000| Complete 
|  77|0x00000000c8f00000, 0x00000000c9000000, 0x00000000c9000000|100%| E|CS|TAMS 0x00000000c8f00000, 0x00000000c8f00000| Complete 
|  78|0x00000000c9000000, 0x00000000c9100000, 0x00000000c9100000|100%| E|CS|TAMS 0x00000000c9000000, 0x00000000c9000000| Complete 
|  79|0x00000000c9100000, 0x00000000c9200000, 0x00000000c9200000|100%| E|CS|TAMS 0x00000000c9100000, 0x00000000c9100000| Complete 
|  80|0x00000000c9200000, 0x00000000c9300000, 0x00000000c9300000|100%| E|CS|TAMS 0x00000000c9200000, 0x00000000c9200000| Complete 
|  81|0x00000000c9300000, 0x00000000c9400000, 0x00000000c9400000|100%| E|CS|TAMS 0x00000000c9300000, 0x00000000c9300000| Complete 
|  82|0x00000000c9400000, 0x00000000c9500000, 0x00000000c9500000|100%| E|CS|TAMS 0x00000000c9400000, 0x00000000c9400000| Complete 
|  83|0x00000000c9500000, 0x00000000c9600000, 0x00000000c9600000|100%| E|CS|TAMS 0x00000000c9500000, 0x00000000c9500000| Complete 
|  84|0x00000000c9600000, 0x00000000c9700000, 0x00000000c9700000|100%| E|CS|TAMS 0x00000000c9600000, 0x00000000c9600000| Complete 

Card table byte_map: [0x000002ae7b190000,0x000002ae7b370000] _byte_map_base: 0x000002ae7ab6f000

Marking Bits (Prev, Next): (CMBitMap*) 0x000002ae7aefbb48, (CMBitMap*) 0x000002ae7aefbb88
 Prev Bits: [0x000002ae7b550000, 0x000002ae7c448000)
 Next Bits: [0x000002ae7c450000, 0x000002ae7d348000)

Polling page: 0x000002ae7a6b0000

Metaspace:

Usage:
  Non-class:     22.78 MB capacity,    22.55 MB ( 99%) used,   191.48 KB ( <1%) free+waste,    50.25 KB ( <1%) overhead. 
      Class:      2.83 MB capacity,     2.66 MB ( 94%) used,   155.66 KB (  5%) free+waste,    25.00 KB ( <1%) overhead. 
       Both:     25.62 MB capacity,    25.20 MB ( 98%) used,   347.14 KB (  1%) free+waste,    75.25 KB ( <1%) overhead. 

Virtual space:
  Non-class space:       24.00 MB reserved,      23.00 MB ( 96%) committed 
      Class space:        1.00 GB reserved,       2.88 MB ( <1%) committed 
             Both:        1.02 GB reserved,      25.88 MB (  2%) committed 

Chunk freelists:
   Non-Class:  93.00 KB
       Class:  44.00 KB
        Both:  137.00 KB

MaxMetaspaceSize: 17179869184.00 GB
CompressedClassSpaceSize: 1.00 GB

CodeHeap 'non-profiled nmethods': size=120000Kb used=5579Kb max_used=5579Kb free=114421Kb
 bounds [0x000002ae101a0000, 0x000002ae10720000, 0x000002ae176d0000]
CodeHeap 'profiled nmethods': size=120000Kb used=11743Kb max_used=11863Kb free=108256Kb
 bounds [0x000002ae08c70000, 0x000002ae09820000, 0x000002ae101a0000]
CodeHeap 'non-nmethods': size=5760Kb used=1428Kb max_used=1482Kb free=4331Kb
 bounds [0x000002ae086d0000, 0x000002ae08940000, 0x000002ae08c70000]
 total_blobs=11296 nmethods=5999 adapters=648
 compilation: enabled
              stopped_count=0, restarted_count=0
 full_count=0

Compilation events (20 events):
Event: 38658.429 Thread 0x000002ae17826800 7425       4       java.awt.EventQueue::getPriority (78 bytes)
Event: 38658.438 Thread 0x000002ae1782a800 nmethod 7424 0x000002ae09280310 code [0x000002ae09280560, 0x000002ae09280da8]
Event: 38658.438 Thread 0x000002ae17826800 nmethod 7425 0x000002ae1070dc10 code [0x000002ae1070dda0, 0x000002ae1070de58]
Event: 38658.748 Thread 0x000002ae17826800 7426       4       java.awt.EventQueue::cacheEQItem (60 bytes)
Event: 38658.758 Thread 0x000002ae17826800 nmethod 7426 0x000002ae1070df10 code [0x000002ae1070e100, 0x000002ae1070e5f8]
Event: 41551.172 Thread 0x000002ae1782a800 7428       3       javax.swing.plaf.basic.BasicScrollPaneUI$Handler::sbPropertyChange (253 bytes)
Event: 41551.475 Thread 0x000002ae1782a800 nmethod 7428 0x000002ae090fb090 code [0x000002ae090fb360, 0x000002ae090fc868]
Event: 41552.961 Thread 0x000002ae1782a800 7429       3       java.awt.Color::<init> (11 bytes)
Event: 41552.961 Thread 0x000002ae1782a800 nmethod 7429 0x000002ae09521c90 code [0x000002ae09521e40, 0x000002ae09521f88]
Event: 41554.678 Thread 0x000002ae1782a800 7430       1       javax.swing.plaf.nimbus.SeparatorPainter::getPaintContext (5 bytes)
Event: 41554.682 Thread 0x000002ae1782a800 nmethod 7430 0x000002ae1070e810 code [0x000002ae1070e9a0, 0x000002ae1070ea78]
Event: 41555.521 Thread 0x000002ae17826800 7431       4       java.awt.image.DataBuffer::<init> (40 bytes)
Event: 41555.566 Thread 0x000002ae17826800 nmethod 7431 0x000002ae1070eb10 code [0x000002ae1070ecc0, 0x000002ae1070f0d8]
Event: 41556.148 Thread 0x000002ae17826800 7432   !   4       javax.swing.plaf.nimbus.ImageCache::setImage (397 bytes)
Event: 41556.245 Thread 0x000002ae17826800 nmethod 7432 0x000002ae1070f290 code [0x000002ae1070f680, 0x000002ae10710d70]
Event: 41556.246 Thread 0x000002ae17826800 7434       4       sun.swing.SwingUtilities2::isScaleChanged (74 bytes)
Event: 41556.257 Thread 0x000002ae17826800 nmethod 7434 0x000002ae10711a10 code [0x000002ae10711c80, 0x000002ae10712498]
Event: 41556.257 Thread 0x000002ae17826800 7433       4       java.util.concurrent.locks.ReentrantReadWriteLock$Sync::tryAcquire (92 bytes)
Event: 41556.258 Thread 0x000002ae17826800 nmethod 7433 0x000002ae10712810 code [0x000002ae107129a0, 0x000002ae10712b58]
Event: 41556.285 Thread 0x000002ae17826800 7435       4       javax.swing.plaf.nimbus.AbstractRegionPainter::paint (126 bytes)

GC Heap History (20 events):
Event: 35717.474 GC heap before
{Heap before GC invocations=106 (full 0):
 garbage-first heap   total 76800K, used 58731K [0x00000000c4200000, 0x0000000100000000)
  region size 1024K, 27 young (27648K), 1 survivors (1024K)
 Metaspace       used 25387K, capacity 25809K, committed 25984K, reserved 1073152K
  class space    used 2676K, capacity 2842K, committed 2944K, reserved 1048576K
}
Event: 35717.483 GC heap after
{Heap after GC invocations=107 (full 0):
 garbage-first heap   total 76800K, used 35535K [0x00000000c4200000, 0x0000000100000000)
  region size 1024K, 3 young (3072K), 3 survivors (3072K)
 Metaspace       used 25387K, capacity 25809K, committed 25984K, reserved 1073152K
  class space    used 2676K, capacity 2842K, committed 2944K, reserved 1048576K
}
Event: 36034.656 GC heap before
{Heap before GC invocations=108 (full 0):
 garbage-first heap   total 76800K, used 59087K [0x00000000c4200000, 0x0000000100000000)
  region size 1024K, 27 young (27648K), 3 survivors (3072K)
 Metaspace       used 25468K, capacity 25967K, committed 26240K, reserved 1073152K
  class space    used 2691K, capacity 2867K, committed 2944K, reserved 1048576K
}
Event: 36034.725 GC heap after
{Heap after GC invocations=109 (full 0):
 garbage-first heap   total 76800K, used 37444K [0x00000000c4200000, 0x0000000100000000)
  region size 1024K, 3 young (3072K), 3 survivors (3072K)
 Metaspace       used 25468K, capacity 25967K, committed 26240K, reserved 1073152K
  class space    used 2691K, capacity 2867K, committed 2944K, reserved 1048576K
}
Event: 36598.082 GC heap before
{Heap before GC invocations=109 (full 0):
 garbage-first heap   total 76800K, used 44612K [0x00000000c4200000, 0x0000000100000000)
  region size 1024K, 11 young (11264K), 3 survivors (3072K)
 Metaspace       used 25511K, capacity 25968K, committed 26240K, reserved 1073152K
  class space    used 2691K, capacity 2867K, committed 2944K, reserved 1048576K
}
Event: 36598.113 GC heap after
{Heap after GC invocations=110 (full 0):
 garbage-first heap   total 76800K, used 37890K [0x00000000c4200000, 0x0000000100000000)
  region size 1024K, 3 young (3072K), 3 survivors (3072K)
 Metaspace       used 25511K, capacity 25968K, committed 26240K, reserved 1073152K
  class space    used 2691K, capacity 2867K, committed 2944K, reserved 1048576K
}
Event: 36600.719 GC heap before
{Heap before GC invocations=111 (full 0):
 garbage-first heap   total 76800K, used 50178K [0x00000000c4200000, 0x0000000100000000)
  region size 1024K, 12 young (12288K), 3 survivors (3072K)
 Metaspace       used 25788K, capacity 26277K, committed 26496K, reserved 1073152K
  class space    used 2732K, capacity 2927K, committed 2944K, reserved 1048576K
}
Event: 36600.726 GC heap after
{Heap after GC invocations=112 (full 0):
 garbage-first heap   total 76800K, used 41339K [0x00000000c4200000, 0x0000000100000000)
  region size 1024K, 2 young (2048K), 2 survivors (2048K)
 Metaspace       used 25788K, capacity 26277K, committed 26496K, reserved 1073152K
  class space    used 2732K, capacity 2927K, committed 2944K, reserved 1048576K
}
Event: 36659.541 GC heap before
{Heap before GC invocations=113 (full 0):
 garbage-first heap   total 82944K, used 82299K [0x00000000c4200000, 0x0000000100000000)
  region size 1024K, 22 young (22528K), 2 survivors (2048K)
 Metaspace       used 25825K, capacity 26341K, committed 26496K, reserved 1073152K
  class space    used 2732K, capacity 2927K, committed 2944K, reserved 1048576K
}
Event: 36659.556 GC heap after
{Heap after GC invocations=114 (full 0):
 garbage-first heap   total 86016K, used 62552K [0x00000000c4200000, 0x0000000100000000)
  region size 1024K, 3 young (3072K), 3 survivors (3072K)
 Metaspace       used 25825K, capacity 26341K, committed 26496K, reserved 1073152K
  class space    used 2732K, capacity 2927K, committed 2944K, reserved 1048576K
}
Event: 36684.545 GC heap before
{Heap before GC invocations=114 (full 0):
 garbage-first heap   total 86016K, used 63576K [0x00000000c4200000, 0x0000000100000000)
  region size 1024K, 4 young (4096K), 3 survivors (3072K)
 Metaspace       used 25825K, capacity 26341K, committed 26496K, reserved 1073152K
  class space    used 2732K, capacity 2927K, committed 2944K, reserved 1048576K
}
Event: 36684.552 GC heap after
{Heap after GC invocations=115 (full 0):
 garbage-first heap   total 86016K, used 37180K [0x00000000c4200000, 0x0000000100000000)
  region size 1024K, 1 young (1024K), 1 survivors (1024K)
 Metaspace       used 25825K, capacity 26341K, committed 26496K, reserved 1073152K
  class space    used 2732K, capacity 2927K, committed 2944K, reserved 1048576K
}
Event: 38150.077 GC heap before
{Heap before GC invocations=115 (full 0):
 garbage-first heap   total 86016K, used 58684K [0x00000000c4200000, 0x0000000100000000)
  region size 1024K, 23 young (23552K), 1 survivors (1024K)
 Metaspace       used 25857K, capacity 26351K, committed 26496K, reserved 1073152K
  class space    used 2736K, capacity 2931K, committed 2944K, reserved 1048576K
}
Event: 38150.130 GC heap after
{Heap after GC invocations=116 (full 0):
 garbage-first heap   total 86016K, used 37086K [0x00000000c4200000, 0x0000000100000000)
  region size 1024K, 1 young (1024K), 1 survivors (1024K)
 Metaspace       used 25857K, capacity 26351K, committed 26496K, reserved 1073152K
  class space    used 2736K, capacity 2931K, committed 2944K, reserved 1048576K
}
Event: 38653.169 GC heap before
{Heap before GC invocations=117 (full 0):
 garbage-first heap   total 86016K, used 84190K [0x00000000c4200000, 0x0000000100000000)
  region size 1024K, 30 young (30720K), 1 survivors (1024K)
 Metaspace       used 25791K, capacity 26231K, committed 26496K, reserved 1073152K
  class space    used 2719K, capacity 2900K, committed 2944K, reserved 1048576K
}
Event: 38653.230 GC heap after
{Heap after GC invocations=118 (full 0):
 garbage-first heap   total 87040K, used 55251K [0x00000000c4200000, 0x0000000100000000)
  region size 1024K, 1 young (1024K), 1 survivors (1024K)
 Metaspace       used 25791K, capacity 26231K, committed 26496K, reserved 1073152K
  class space    used 2719K, capacity 2900K, committed 2944K, reserved 1048576K
}
Event: 38653.386 GC heap before
{Heap before GC invocations=118 (full 0):
 garbage-first heap   total 87040K, used 58323K [0x00000000c4200000, 0x0000000100000000)
  region size 1024K, 4 young (4096K), 1 survivors (1024K)
 Metaspace       used 25803K, capacity 26231K, committed 26496K, reserved 1073152K
  class space    used 2719K, capacity 2900K, committed 2944K, reserved 1048576K
}
Event: 38653.488 GC heap after
{Heap after GC invocations=119 (full 0):
 garbage-first heap   total 87040K, used 37231K [0x00000000c4200000, 0x0000000100000000)
  region size 1024K, 1 young (1024K), 1 survivors (1024K)
 Metaspace       used 25803K, capacity 26231K, committed 26496K, reserved 1073152K
  class space    used 2719K, capacity 2900K, committed 2944K, reserved 1048576K
}
Event: 41551.862 GC heap before
{Heap before GC invocations=119 (full 0):
 garbage-first heap   total 87040K, used 41327K [0x00000000c4200000, 0x0000000100000000)
  region size 1024K, 6 young (6144K), 1 survivors (1024K)
 Metaspace       used 25808K, capacity 26231K, committed 26496K, reserved 1073152K
  class space    used 2719K, capacity 2900K, committed 2944K, reserved 1048576K
}
Event: 41551.934 GC heap after
{Heap after GC invocations=120 (full 0):
 garbage-first heap   total 87040K, used 37240K [0x00000000c4200000, 0x0000000100000000)
  region size 1024K, 1 young (1024K), 1 survivors (1024K)
 Metaspace       used 25808K, capacity 26231K, committed 26496K, reserved 1073152K
  class space    used 2719K, capacity 2900K, committed 2944K, reserved 1048576K
}

Deoptimization events (20 events):
Event: 38148.691 Thread 0x000002ae17efd800 Uncommon trap: trap_request=0xffffff45 fr.pc=0x000002ae1059ef48 relative=0x0000000000000188
Event: 38148.691 Thread 0x000002ae17efd800 Uncommon trap: reason=unstable_if action=reinterpret pc=0x000002ae1059ef48 method=java.awt.Component.updateSelfGraphicsData(Ljava/awt/GraphicsConfiguration;)Z @ 25 c2
Event: 38148.691 Thread 0x000002ae17efd800 DEOPT PACKING pc=0x000002ae1059ef48 sp=0x000000dc308ff030
Event: 38148.692 Thread 0x000002ae17efd800 DEOPT UNPACKING pc=0x000002ae086d852f sp=0x000000dc308fefd8 mode 2
Event: 38148.713 Thread 0x000002ae17efd800 Uncommon trap: trap_request=0xffffff45 fr.pc=0x000002ae1059cf1c relative=0x000000000000053c
Event: 38148.713 Thread 0x000002ae17efd800 Uncommon trap: reason=unstable_if action=reinterpret pc=0x000002ae1059cf1c method=java.awt.Component.updateSelfGraphicsData(Ljava/awt/GraphicsConfiguration;)Z @ 25 c2
Event: 38148.714 Thread 0x000002ae17efd800 DEOPT PACKING pc=0x000002ae1059cf1c sp=0x000000dc308feff0
Event: 38148.714 Thread 0x000002ae17efd800 DEOPT UNPACKING pc=0x000002ae086d852f sp=0x000000dc308feed8 mode 2
Event: 38148.723 Thread 0x000002ae17efd800 Uncommon trap: trap_request=0xffffff45 fr.pc=0x000002ae1053b298 relative=0x0000000000000418
Event: 38148.723 Thread 0x000002ae17efd800 Uncommon trap: reason=unstable_if action=reinterpret pc=0x000002ae1053b298 method=sun.swing.SwingUtilities2.isScaleChanged(Ljava/lang/String;Ljava/lang/Object;Ljava/lang/Object;)Z @ 65 c2
Event: 38148.724 Thread 0x000002ae17efd800 DEOPT PACKING pc=0x000002ae1053b298 sp=0x000000dc308feaa0
Event: 38148.724 Thread 0x000002ae17efd800 DEOPT UNPACKING pc=0x000002ae086d852f sp=0x000000dc308fea18 mode 2
Event: 38160.611 Thread 0x000002ae17efd800 Uncommon trap: trap_request=0xffffff45 fr.pc=0x000002ae103cfec8 relative=0x0000000000000e08
Event: 38160.611 Thread 0x000002ae17efd800 Uncommon trap: reason=unstable_if action=reinterpret pc=0x000002ae103cfec8 method=sun.java2d.pipe.Region.getIntersectionXYXY(IIII)Lsun/java2d/pipe/Region; @ 55 c2
Event: 38160.611 Thread 0x000002ae17efd800 DEOPT PACKING pc=0x000002ae103cfec8 sp=0x000000dc308febc0
Event: 38160.611 Thread 0x000002ae17efd800 DEOPT UNPACKING pc=0x000002ae086d852f sp=0x000000dc308fe9b8 mode 2
Event: 38653.236 Thread 0x000002ae17efd800 Uncommon trap: trap_request=0xffffffe4 fr.pc=0x000002ae106f052c relative=0x00000000000006cc
Event: 38653.237 Thread 0x000002ae17efd800 Uncommon trap: reason=range_check action=make_not_entrant pc=0x000002ae106f052c method=java.awt.image.DirectColorModel.getRedMask()I @ 5 c2
Event: 38653.238 Thread 0x000002ae17efd800 DEOPT PACKING pc=0x000002ae106f052c sp=0x000000dc308fd5b0
Event: 38653.239 Thread 0x000002ae17efd800 DEOPT UNPACKING pc=0x000002ae086d852f sp=0x000000dc308fd4b8 mode 2

Classes unloaded (20 events):
Event: 38150.515 Thread 0x000002ae17801000 Unloading class 0x0000000800df9040 'java/lang/invoke/LambdaForm$MH'
Event: 38150.515 Thread 0x000002ae17801000 Unloading class 0x0000000800df8c40 'java/lang/invoke/LambdaForm$MH'
Event: 38150.515 Thread 0x000002ae17801000 Unloading class 0x0000000800df8840 'java/lang/invoke/LambdaForm$MH'
Event: 38150.515 Thread 0x000002ae17801000 Unloading class 0x0000000800df8440 'java/lang/invoke/LambdaForm$MH'
Event: 38150.515 Thread 0x000002ae17801000 Unloading class 0x0000000800df8040 'java/lang/invoke/LambdaForm$MH'
Event: 38150.515 Thread 0x000002ae17801000 Unloading class 0x0000000800d81c40 'java/lang/invoke/LambdaForm$MH'
Event: 38150.515 Thread 0x000002ae17801000 Unloading class 0x0000000800d82440 'java/lang/invoke/LambdaForm$MH'
Event: 38150.515 Thread 0x000002ae17801000 Unloading class 0x0000000800d82040 'java/lang/invoke/LambdaForm$MH'
Event: 38150.515 Thread 0x000002ae17801000 Unloading class 0x0000000800d83c40 'java/lang/invoke/LambdaForm$MH'
Event: 38150.515 Thread 0x000002ae17801000 Unloading class 0x0000000800d83840 'java/lang/invoke/LambdaForm$MH'
Event: 38150.515 Thread 0x000002ae17801000 Unloading class 0x0000000800d83440 'java/lang/invoke/LambdaForm$MH'
Event: 38150.515 Thread 0x000002ae17801000 Unloading class 0x0000000800d83040 'java/lang/invoke/LambdaForm$MH'
Event: 38150.515 Thread 0x000002ae17801000 Unloading class 0x0000000800b92c40 'java/lang/invoke/LambdaForm$MH'
Event: 38150.515 Thread 0x000002ae17801000 Unloading class 0x0000000800b92840 'jdk/internal/reflect/GeneratedConstructorAccessor19'
Event: 38150.515 Thread 0x000002ae17801000 Unloading class 0x0000000800ba2440 'jdk/internal/reflect/GeneratedConstructorAccessor18'
Event: 38150.516 Thread 0x000002ae17801000 Unloading class 0x0000000800d21840 'jdk/internal/reflect/GeneratedConstructorAccessor17'
Event: 38150.516 Thread 0x000002ae17801000 Unloading class 0x0000000800d26440 'jdk/internal/reflect/GeneratedConstructorAccessor16'
Event: 38150.516 Thread 0x000002ae17801000 Unloading class 0x0000000800b93440 'java/lang/invoke/LambdaForm$MH'
Event: 38150.516 Thread 0x000002ae17801000 Unloading class 0x0000000800ba0840 'java/lang/invoke/LambdaForm$MH'
Event: 38150.516 Thread 0x000002ae17801000 Unloading class 0x0000000800ba1440 'java/lang/invoke/LambdaForm$MH'

Classes redefined (0 events):
No events

Internal exceptions (20 events):
Event: 1.445 Thread 0x000002ae17efd800 Implicit null exception at 0x000002ae10206055 to 0x000002ae102067b4
Event: 1.445 Thread 0x000002ae17efd800 Implicit null exception at 0x000002ae1020a9bf to 0x000002ae1020aff5
Event: 531.163 Thread 0x000002ae17efd800 Exception <a 'java/lang/NoSuchMethodError'{0x00000000c6f14a88}: 'int java.lang.invoke.DirectMethodHandle$Holder.invokeSpecialIFC(java.lang.Object, java.lang.Object, int)'> (0x00000000c6f14a88) 
thrown [t:/workspace/open/src/hotspot/share/interpreter/linkResolver.cpp, line 766]
Event: 531.274 Thread 0x000002ae17efd800 Exception <a 'java/lang/NoSuchMethodError'{0x00000000c7d2d3a8}: 'void java.lang.invoke.DirectMethodHandle$Holder.invokeSpecial(java.lang.Object, java.lang.Object, java.lang.Object, java.lang.Object)'> (0x00000000c7d2d3a8) 
thrown [t:/workspace/open/src/hotspot/share/interpreter/linkResolver.cpp, line 766]
Event: 531.275 Thread 0x000002ae17efd800 Exception <a 'java/lang/NoSuchMethodError'{0x00000000c7d76e40}: 'java.lang.Object java.lang.invoke.DirectMethodHandle$Holder.invokeVirtual(java.lang.Object, java.lang.Object, java.lang.Object)'> (0x00000000c7d76e40) 
thrown [t:/workspace/open/src/hotspot/share/interpreter/linkResolver.cpp, line 766]
Event: 531.563 Thread 0x000002ae17efd800 Exception <a 'java/lang/NoSuchMethodError'{0x00000000c776d6f8}: 'void java.lang.invoke.DirectMethodHandle$Holder.invokeStaticInit(java.lang.Object, java.lang.Object)'> (0x00000000c776d6f8) 
thrown [t:/workspace/open/src/hotspot/share/interpreter/linkResolver.cpp, line 766]
Event: 531.638 Thread 0x000002ae17efd800 Exception <a 'java/lang/NoSuchMethodError'{0x00000000c7698a98}: 'java.lang.Object java.lang.invoke.DirectMethodHandle$Holder.invokeStaticInit(java.lang.Object, int, int, int, int)'> (0x00000000c7698a98) 
thrown [t:/workspace/open/src/hotspot/share/interpreter/linkResolver.cpp, line 766]
Event: 531.643 Thread 0x000002ae17efd800 Exception <a 'sun/nio/fs/WindowsException'{0x00000000c769ea40}> (0x00000000c769ea40) 
thrown [t:/workspace/open/src/hotspot/share/prims/jni.cpp, line 599]
Event: 531.663 Thread 0x000002ae17efd800 Exception <a 'java/lang/NoSuchMethodError'{0x00000000c76c7738}: 'int java.lang.invoke.DirectMethodHandle$Holder.invokeStaticInit(java.lang.Object, java.lang.Object, java.lang.Object, java.lang.Object)'> (0x00000000c76c7738) 
thrown [t:/workspace/open/src/hotspot/share/interpreter/linkResolver.cpp, line 766]
Event: 531.664 Thread 0x000002ae17efd800 Exception <a 'java/lang/IncompatibleClassChangeError'{0x00000000c76d0280}: Found class java.lang.Object, but interface was expected> (0x00000000c76d0280) 
thrown [t:/workspace/open/src/hotspot/share/interpreter/linkResolver.cpp, line 832]
Event: 531.665 Thread 0x000002ae17efd800 Exception <a 'java/lang/NoSuchMethodError'{0x00000000c76d5858}: 'int java.lang.invoke.DirectMethodHandle$Holder.invokeStaticInit(java.lang.Object, java.lang.Object)'> (0x00000000c76d5858) 
thrown [t:/workspace/open/src/hotspot/share/interpreter/linkResolver.cpp, line 766]
Event: 531.805 Thread 0x000002ae17efd800 Exception <a 'java/lang/NoSuchMethodError'{0x00000000c7239f10}: 'java.lang.Object java.lang.invoke.DirectMethodHandle$Holder.invokeStaticInit(java.lang.Object, java.lang.Object, int, int, int, int)'> (0x00000000c7239f10) 
thrown [t:/workspace/open/src/hotspot/share/interpreter/linkResolver.cpp, line 766]
Event: 25848.679 Thread 0x000002ae1a678000 Implicit null exception at 0x000002ae103128eb to 0x000002ae1031338c
Event: 25992.663 Thread 0x000002ae17efd800 Implicit null exception at 0x000002ae1046fd6f to 0x000002ae104705e4
Event: 31324.168 Thread 0x000002ae17efd800 Exception <a 'java/lang/NoSuchMethodError'{0x00000000c7b62418}: 'void java.lang.invoke.DirectMethodHandle$Holder.invokeSpecial(java.lang.Object, java.lang.Object, java.lang.Object, java.lang.Object, java.lang.Object)'> (0x00000000c7b62418) 
thrown [t:/workspace/open/src/hotspot/share/interpreter/linkResolver.cpp, line 766]
Event: 31918.132 Thread 0x000002ae17efd800 Implicit null exception at 0x000002ae104ac303 to 0x000002ae104acb00
Event: 32066.421 Thread 0x000002ae17efd800 Implicit null exception at 0x000002ae10340f5c to 0x000002ae10344318
Event: 36600.590 Thread 0x000002ae17efd800 Exception <a 'java/io/IOException'{0x00000000c8721180}> (0x00000000c8721180) 
thrown [t:/workspace/open/src/hotspot/share/prims/jni.cpp, line 599]
Event: 36613.044 Thread 0x000002ae17efd800 Exception <a 'java/io/IOException'{0x00000000c7ebaaf8}> (0x00000000c7ebaaf8) 
thrown [t:/workspace/open/src/hotspot/share/prims/jni.cpp, line 599]
Event: 38148.380 Thread 0x000002ae17efd800 Exception <a 'java/lang/NoSuchMethodError'{0x00000000c7a76f40}: 'void java.lang.invoke.DirectMethodHandle$Holder.invokeVirtual(java.lang.Object, java.lang.Object)'> (0x00000000c7a76f40) 
thrown [t:/workspace/open/src/hotspot/share/interpreter/linkResolver.cpp, line 766]

Events (20 events):
Event: 38150.791 Executing VM operation: BulkRevokeBias
Event: 38158.255 Executing VM operation: BulkRevokeBias done
Event: 38158.268 Executing VM operation: G1Concurrent
Event: 38158.368 Executing VM operation: G1Concurrent done
Event: 38158.369 Executing VM operation: HandshakeOneThread
Event: 38158.553 Executing VM operation: HandshakeOneThread done
Event: 38653.162 Executing VM operation: G1CollectForAllocation
Event: 38653.231 Executing VM operation: G1CollectForAllocation done
Event: 38653.385 Executing VM operation: G1CollectForAllocation
Event: 38653.488 Executing VM operation: G1CollectForAllocation done
Event: 41551.855 Executing VM operation: G1TryInitiateConcMark
Event: 41551.934 Executing VM operation: G1TryInitiateConcMark done
Event: 41552.058 Executing VM operation: G1Concurrent
Event: 41552.669 Executing VM operation: G1Concurrent done
Event: 41552.683 Executing VM operation: HandshakeOneThread
Event: 41552.713 Executing VM operation: HandshakeOneThread done
Event: 41552.713 Executing VM operation: G1Concurrent
Event: 41552.715 Executing VM operation: G1Concurrent done
Event: 41552.715 Executing VM operation: HandshakeOneThread
Event: 41552.716 Executing VM operation: HandshakeOneThread done


Dynamic libraries:
0x00007ff681ff0000 - 0x00007ff681fff000 	C:\Program Files\Java\jdk-14\bin\java.exe
0x00007ff81fa90000 - 0x00007ff81fc88000 	C:\Windows\SYSTEM32\ntdll.dll
0x00007ff81f860000 - 0x00007ff81f91d000 	C:\Windows\System32\KERNEL32.DLL
0x00007ff81d680000 - 0x00007ff81d94e000 	C:\Windows\System32\KERNELBASE.dll
0x00007ff81d9f0000 - 0x00007ff81daf0000 	C:\Windows\System32\ucrtbase.dll
0x00007ffff3350000 - 0x00007ffff3368000 	C:\Program Files\Java\jdk-14\bin\jli.dll
0x00007ff81dbd0000 - 0x00007ff81dc7e000 	C:\Windows\System32\ADVAPI32.dll
0x00007ff81f500000 - 0x00007ff81f59e000 	C:\Windows\System32\msvcrt.dll
0x00007ff81f5a0000 - 0x00007ff81f63c000 	C:\Windows\System32\sechost.dll
0x00007ff81dcb0000 - 0x00007ff81ddd5000 	C:\Windows\System32\RPCRT4.dll
0x00007ff80a0f0000 - 0x00007ff80a105000 	C:\Program Files\Java\jdk-14\bin\VCRUNTIME140.dll
0x00007ff81e920000 - 0x00007ff81eac0000 	C:\Windows\System32\USER32.dll
0x00007ff81d420000 - 0x00007ff81d442000 	C:\Windows\System32\win32u.dll
0x00007ff81f770000 - 0x00007ff81f79a000 	C:\Windows\System32\GDI32.dll
0x00007ff81d310000 - 0x00007ff81d41b000 	C:\Windows\System32\gdi32full.dll
0x00007ff81d950000 - 0x00007ff81d9ed000 	C:\Windows\System32\msvcp_win.dll
0x00007ff816490000 - 0x00007ff81649a000 	C:\Windows\SYSTEM32\VERSION.dll
0x00007ff805350000 - 0x00007ff8055ea000 	C:\Windows\WinSxS\amd64_microsoft.windows.common-controls_6595b64144ccf1df_6.0.19041.1110_none_60b5254171f9507e\COMCTL32.dll
0x00007ff81dc80000 - 0x00007ff81dcb0000 	C:\Windows\System32\IMM32.DLL
0x00007fffe4b50000 - 0x00007fffe4beb000 	C:\Program Files\Java\jdk-14\bin\msvcp140.dll
0x00007fffbe440000 - 0x00007fffbef5f000 	C:\Program Files\Java\jdk-14\bin\server\jvm.dll
0x00007ff81f850000 - 0x00007ff81f858000 	C:\Windows\System32\PSAPI.DLL
0x00007ffffc3a0000 - 0x00007ffffc3c7000 	C:\Windows\SYSTEM32\WINMM.dll
0x00007ff8000d0000 - 0x00007ff8000d9000 	C:\Windows\SYSTEM32\WSOCK32.dll
0x00007ff81ed00000 - 0x00007ff81ed6b000 	C:\Windows\System32\ws2_32.DLL
0x00007ff81ba30000 - 0x00007ff81ba42000 	C:\Windows\SYSTEM32\kernel.appcore.dll
0x00007ff8188a0000 - 0x00007ff8188aa000 	C:\Program Files\Java\jdk-14\bin\jimage.dll
0x00007ff81adf0000 - 0x00007ff81afd4000 	C:\Windows\SYSTEM32\DBGHELP.DLL
0x00007ff815470000 - 0x00007ff81549c000 	C:\Windows\SYSTEM32\dbgcore.DLL
0x00007ff81d5f0000 - 0x00007ff81d672000 	C:\Windows\System32\bcryptPrimitives.dll
0x00007ffff8e80000 - 0x00007ffff8ea5000 	C:\Program Files\Java\jdk-14\bin\java.dll
0x00007ffffd980000 - 0x00007ffffd997000 	C:\Program Files\Java\jdk-14\bin\zip.dll
0x00007ff81e140000 - 0x00007ff81e883000 	C:\Windows\System32\SHELL32.dll
0x00007ff81b280000 - 0x00007ff81ba15000 	C:\Windows\SYSTEM32\windows.storage.dll
0x00007ff81dde0000 - 0x00007ff81e134000 	C:\Windows\System32\combase.dll
0x00007ff81cc10000 - 0x00007ff81cc40000 	C:\Windows\SYSTEM32\Wldp.dll
0x00007ff81f7a0000 - 0x00007ff81f84d000 	C:\Windows\System32\SHCORE.dll
0x00007ff81f3a0000 - 0x00007ff81f3f5000 	C:\Windows\System32\shlwapi.dll
0x00007ff81d0f0000 - 0x00007ff81d10f000 	C:\Windows\SYSTEM32\profapi.dll
0x00007ffff8170000 - 0x00007ffff8189000 	C:\Program Files\Java\jdk-14\bin\net.dll
0x00007ff818ae0000 - 0x00007ff818bea000 	C:\Windows\SYSTEM32\WINHTTP.dll
0x00007ff81c970000 - 0x00007ff81c9da000 	C:\Windows\system32\mswsock.dll
0x00007ffff8150000 - 0x00007ffff8162000 	C:\Program Files\Java\jdk-14\bin\nio.dll
0x00007fffcb020000 - 0x00007fffcb1b8000 	C:\Program Files\Java\jdk-14\bin\awt.dll
0x00007ff81f920000 - 0x00007ff81f9ed000 	C:\Windows\System32\OLEAUT32.dll
0x00007ff81a600000 - 0x00007ff81a690000 	C:\Windows\SYSTEM32\apphelp.dll
0x00007ff81a740000 - 0x00007ff81a7de000 	C:\Windows\system32\uxtheme.dll
0x00007ff81eb70000 - 0x00007ff81ec85000 	C:\Windows\System32\MSCTF.dll
0x00007ff81f640000 - 0x00007ff81f76a000 	C:\Windows\System32\ole32.dll
0x00007ff81a9d0000 - 0x00007ff81a9ff000 	C:\Windows\system32\DWMAPI.DLL
0x00007fffe85b0000 - 0x00007fffe8632000 	C:\Program Files\Java\jdk-14\bin\freetype.dll
0x00007fffdc2a0000 - 0x00007fffdc346000 	C:\Program Files\Java\jdk-14\bin\fontmanager.dll
0x00007ffff2de0000 - 0x00007ffff2f07000 	C:\Windows\system32\opengl32.dll
0x00007ff80bc20000 - 0x00007ff80bc4c000 	C:\Windows\SYSTEM32\GLU32.dll
0x00007fffee290000 - 0x00007fffee2bd000 	C:\Program Files\Java\jdk-14\bin\javajpeg.dll
0x00007ff81eac0000 - 0x00007ff81eb69000 	C:\Windows\System32\clbcatq.dll
0x00007ff813070000 - 0x00007ff813224000 	C:\Windows\SYSTEM32\WindowsCodecs.dll
0x00007ff81d550000 - 0x00007ff81d577000 	C:\Windows\System32\bcrypt.dll
0x00007ff8094a0000 - 0x00007ff8094de000 	C:\Windows\system32\dataexchange.dll
0x00007ff819b00000 - 0x00007ff819ce4000 	C:\Windows\system32\dcomp.dll
0x00007ff818d10000 - 0x00007ff818f73000 	C:\Windows\system32\d3d11.dll
0x00007ff81bbc0000 - 0x00007ff81bcb3000 	C:\Windows\system32\dxgi.dll
0x00007ff816c80000 - 0x00007ff816e80000 	C:\Windows\system32\twinapi.appcore.dll
0x00007ff80ac60000 - 0x00007ff80ad59000 	C:\Windows\SYSTEM32\textinputframework.dll
0x00007ff81a070000 - 0x00007ff81a3ce000 	C:\Windows\System32\CoreUIComponents.dll
0x00007ff81a3d0000 - 0x00007ff81a4c2000 	C:\Windows\System32\CoreMessaging.dll
0x00007ff81beb0000 - 0x00007ff81bee3000 	C:\Windows\SYSTEM32\ntmarta.dll
0x00007ff8199a0000 - 0x00007ff819af4000 	C:\Windows\SYSTEM32\wintypes.dll
0x00007ff817910000 - 0x00007ff817920000 	C:\Program Files\Java\jdk-14\bin\verify.dll
0x00007ff81c6a0000 - 0x00007ff81c76a000 	C:\Windows\SYSTEM32\DNSAPI.dll
0x00007ff81c610000 - 0x00007ff81c64b000 	C:\Windows\SYSTEM32\IPHLPAPI.DLL
0x00007ff81ec90000 - 0x00007ff81ec98000 	C:\Windows\System32\NSI.dll
0x00007ff815be0000 - 0x00007ff815bea000 	C:\Windows\System32\rasadhlp.dll
0x00007ff815700000 - 0x00007ff815780000 	C:\Windows\System32\fwpuclnt.dll
0x00007ff80a040000 - 0x00007ff80a04e000 	C:\Program Files\Java\jdk-14\bin\sunmscapi.dll
0x00007ff81d1b0000 - 0x00007ff81d306000 	C:\Windows\System32\CRYPT32.dll
0x00007ff81cc80000 - 0x00007ff81cca7000 	C:\Windows\SYSTEM32\ncrypt.dll
0x00007ff81cc40000 - 0x00007ff81cc7b000 	C:\Windows\SYSTEM32\NTASN1.dll
0x00007fffe2f30000 - 0x00007fffe2f55000 	C:\Program Files\Java\jdk-14\bin\sunec.dll
0x00007ff81cb60000 - 0x00007ff81cb78000 	C:\Windows\SYSTEM32\CRYPTSP.dll
0x00007ff81c280000 - 0x00007ff81c2b4000 	C:\Windows\system32\rsaenh.dll
0x00007ff81d0b0000 - 0x00007ff81d0de000 	C:\Windows\SYSTEM32\USERENV.dll
0x00007ff81cb80000 - 0x00007ff81cb8c000 	C:\Windows\SYSTEM32\CRYPTBASE.dll
0x00007ff815bf0000 - 0x00007ff815c07000 	C:\Windows\SYSTEM32\dhcpcsvc6.DLL
0x00007ff8163c0000 - 0x00007ff8163dd000 	C:\Windows\SYSTEM32\dhcpcsvc.DLL
0x00007ffff9b80000 - 0x00007ffff9c2c000 	C:\Windows\SYSTEM32\TextShaping.dll

dbghelp: loaded successfully - version: 4.0.5 - missing functions: none
symbol engine: initialized successfully - sym options: 0x614 - pdb path: .;C:\Program Files\Java\jdk-14\bin;C:\Windows\SYSTEM32;C:\Windows\WinSxS\amd64_microsoft.windows.common-controls_6595b64144ccf1df_6.0.19041.1110_none_60b5254171f9507e;C:\Program Files\Java\jdk-14\bin\server

VM Arguments:
jvm_args: -Dfile.encoding=UTF-8 
java_command: GUI.importing
java_class_path (initial): C:\mysql-connector-java-8.0.29.jar;C:\jcalendar-1.4.jar;C:\commons-beanutils-1.8.3.jar;C:\commons-collections-3.2.1.jar;C:\commons-digester-2.1.jar;C:\commons-javaflow-20060411.jar;C:\commons-logging-1.2.jar;C:\groovy-3.0.7.jar;C:\jasperreports-4.5.1.jar;C:\activation-1.1.jar;C:\mail-1.4.1.jar;C:\AbsoluteLayout-RELEASE140.jar;C:\jar_files (13)\aopalliance-1.0.jar;C:\jar_files (13)\bcmail-jdk14-1.38.jar;C:\jar_files (13)\bcmail-jdk14-138.jar;C:\jar_files (13)\bcprov-jdk14-1.38.jar;C:\jar_files (13)\bcprov-jdk14-138.jar;C:\jar_files (13)\bctsp-jdk14-1.38.jar;C:\jar_files (13)\castor-1.2.jar;C:\jar_files (13)\castor-core-1.3.3.jar;C:\jar_files (13)\castor-xml-1.3.3.jar;C:\jar_files (13)\commons-beanutils-1.8.0.jar;C:\jar_files (13)\commons-beanutils-1.9.0.jar;C:\jar_files (13)\commons-collections-2.1.jar;C:\jar_files (13)\commons-collections-3.2.2.jar;C:\jar_files (13)\commons-digester-2.1.jar;C:\jar_files (13)\commons-lang-2.6.jar;C:\jar_files (13)\commons-logging-1.1.1.jar;C:\jar_files (13)\core-2.3.0.jar;C:\jar_files (13)\dom4j-1.6.1.jar;C:\jar_files (13)\ecj-4.3.1.jar;C:\jar_files (13)\geronimo-stax-api_1.0_spec-1.0.jar;C:\jar_files (13)\icu4j-57.1.jar;C:\jar_files (13)\itext-2.1.7.jar;C:\jar_files (13)\itext-2.1.7.js5.jar;C:\jar_files (13)\jackson-annotations-2.1.4.jar;C:\jar_files (13)\jackson-core-2.1.4.jar;C:\jar_files (13)\jackson-core-lgpl-1.7.4.jar;C:\jar_files (13)\jackson-databind-2.1.4.jar;C:\jar_files (13)\jackson-mapper-lgpl-1.7.4.jar;C:\jar_files (13)\jakarta-regexp-1.4.jar;C:\jar_files (13)\jasperreports-6.3.0.jar;C:\jar_files (13)\javax.inject-1.jar;C:\jar_files (13)\jcommon-1.0.15.jar;C:\jar_files (13)\jcommon-1.0.23.jar;C:\jar_files (13)\jdtcore-3.1.0.jar;C:\jar_files (13)\jfreechart-1.0.12.jar;C:\jar_files (13)\jfreechart-1.0.19.jar;C:\jar_files (13)\lucene-analyzers-common-4.5.1.jar;C:\jar_files (13)\lucene-core-4.5.1.jar;C:\jar_files (13)\lucene-queries-4.5.1.jar;C:\jar_files (13)\lucene-queryparser-4.5.1.jar;C:\jar_
Launcher Type: SUN_STANDARD

[Global flags]
     intx CICompilerCount                          = 3                                         {product} {ergonomic}
     uint ConcGCThreads                            = 1                                         {product} {ergonomic}
     uint G1ConcRefinementThreads                  = 4                                         {product} {ergonomic}
   size_t G1HeapRegionSize                         = 1048576                                   {product} {ergonomic}
    uintx GCDrainStackTargetSize                   = 64                                        {product} {ergonomic}
   size_t InitialHeapSize                          = 62914560                                  {product} {ergonomic}
   size_t MarkStackSize                            = 4194304                                   {product} {ergonomic}
   size_t MaxHeapSize                              = 1004535808                                {product} {ergonomic}
   size_t MaxNewSize                               = 601882624                                 {product} {ergonomic}
   size_t MinHeapDeltaBytes                        = 1048576                                   {product} {ergonomic}
   size_t MinHeapSize                              = 8388608                                   {product} {ergonomic}
    uintx NonNMethodCodeHeapSize                   = 5832780                                {pd product} {ergonomic}
    uintx NonProfiledCodeHeapSize                  = 122912730                              {pd product} {ergonomic}
    uintx ProfiledCodeHeapSize                     = 122912730                              {pd product} {ergonomic}
    uintx ReservedCodeCacheSize                    = 251658240                              {pd product} {ergonomic}
     bool SegmentedCodeCache                       = true                                      {product} {ergonomic}
   size_t SoftMaxHeapSize                          = 1004535808                             {manageable} {ergonomic}
     bool UseCompressedClassPointers               = true                                 {lp64_product} {ergonomic}
     bool UseCompressedOops                        = true                                 {lp64_product} {ergonomic}
     bool UseG1GC                                  = true                                      {product} {ergonomic}
     bool UseLargePagesIndividualAllocation        = false                                  {pd product} {ergonomic}

Logging:
Log output configuration:
 #0: stdout all=warning uptime,level,tags
 #1: stderr all=off uptime,level,tags

Environment Variables:
JAVA_HOME=C:\Program Files\Java\jdk-14\bin
CLASSPATH=C:\Users\DELL\NetBeansProjects\*.java
PATH=C:\Windows\system32;C:\Windows;C:\Windows\System32\Wbem;C:\Windows\System32\WindowsPowerShell\v1.0\;C:\Windows\System32\OpenSSH\;C:\Program Files\dotnet\;C:\Program Files\Java\jdk-17.0.4\bin;C:\Program Files\MySQL\MySQL Server 8.0\bin;C:\Program Files\MySQL\MySQL Shell 8.0\bin\;C:\Users\DELL\AppData\Local\Microsoft\WindowsApps;C:\Program Files\MySQL\MySQL Server 8.0\bin;C:\Program Files\Java\jdk-18.0.1.1\bin;
USERNAME=DELL
OS=Windows_NT
PROCESSOR_IDENTIFIER=Intel64 Family 6 Model 140 Stepping 1, GenuineIntel



---------------  S Y S T E M  ---------------

OS: Windows 10 , 64 bit Build 19041 (10.0.19041.1889)
OS uptime: 4 days 5:12 hours

CPU:total 4 (initial active 4) (2 cores per cpu, 2 threads per core) family 6 model 140 stepping 1, cmov, cx8, fxsr, mmx, sse, sse2, sse3, ssse3, sse4.1, sse4.2, popcnt, avx, avx2, aes, clmul, erms, 3dnowpref, lzcnt, ht, tsc, tscinvbit, bmi1, bmi2, adx, evex, sha, fma

Memory: 4k page, system-wide physical 3830M (135M free)
TotalPageFile size 15606M (AvailPageFile size 5M)
current process WorkingSet (physical memory assigned to process): 125M, peak: 184M
current process commit charge ("private bytes"): 259M, peak: 285M

vm_info: Java HotSpot(TM) 64-Bit Server VM (14+36-1461) for windows-amd64 JRE (14+36-1461), built on Feb  6 2020 19:08:04 by "mach5one" with MS VC++ 15.9 (VS2017)

END.
